class aimchat total 1139 packets
class spotify total 668 packets
class qq total 4546 packets
class amazon total 6277 packets
class skype total 810 packets
class jd total 10177 packets
class mssql total 27178 packets
class youku total 17718 packets
class sinauc total 84 packets
class google total 10664 packets
class baidu total 6422 packets
class thunder total 84744 packets
class pplive total 10370 packets
class vimeo total 2991 packets
class voipbuster total 1485 packets
class gmail total 3318 packets
class twitter total 14636 packets
class youtube total 7689 packets
class netflix total 51794 packets
class itunes total 8666 packets
class MS-Exchange total 289 packets
class cloudmusic total 55548 packets
class taobao total 8511 packets
class kugou total 275 packets
class weibo total 6204 packets
class facebook total 930 packets
class yahoomail total 1700 packets
class tudou total 90452 packets
class sohu total 13976 packets
[0, 0, 0, 0, 0]
